Arguments: 
  /Users/jakubcova/.nvm/versions/node/v8.11.1/bin/node /Users/jakubcova/.nvm/versions/node/v8.11.1/bin/yarn elm install elm/time

PATH: 
  /Users/jakubcova/.nvm/versions/node/v8.11.1/bin:/usr/local/bin:/usr/bin:/bin:/usr/sbin:/sbin:/usr/local/share/dotnet:~/.dotnet/tools

Yarn version: 
  1.13.0

Node version: 
  8.11.1

Platform: 
  darwin x64

Trace: 
  TypeError: Path must be a string. Received { 'elm/browser': '1.0.0',
    'elm/core': '1.0.0',
    'elm/html': '1.0.0',
    'elm/json': '1.0.0' }
      at assertPath (path.js:28:11)
      at Object.isAbsolute (path.js:1225:5)
      at module.exports.exports.default (/Users/jakubcova/.nvm/versions/node/v8.11.1/lib/node_modules/yarn/lib/cli.js:100049:16)
      at /Users/jakubcova/.nvm/versions/node/v8.11.1/lib/node_modules/yarn/lib/cli.js:50787:63
      at Generator.next (<anonymous>)
      at step (/Users/jakubcova/.nvm/versions/node/v8.11.1/lib/node_modules/yarn/lib/cli.js:304:30)
      at /Users/jakubcova/.nvm/versions/node/v8.11.1/lib/node_modules/yarn/lib/cli.js:315:13
      at <anonymous>

npm manifest: 
  {
    "type": "application",
    "source-directories": [
      ".",
      "../src"
    ],
    "elm-version": "0.19.0",
    "dependencies": {
      "direct": {
        "elm/browser": "1.0.0",
        "elm/core": "1.0.0",
        "elm/html": "1.0.0",
        "elm/json": "1.0.0"
      },
      "indirect": {}
    },
    "test-dependencies": {
      "direct": {},
      "indirect": {}
    }
  }

yarn manifest: 
  No manifest

Lockfile: 
  # THIS IS AN AUTOGENERATED FILE. DO NOT EDIT THIS FILE DIRECTLY.
  # yarn lockfile v1
